<?xml version="1.0" encoding="UTF-8"?>
<testsuite xmlns:xsi="http://www.w3.org/2001/XMLSchema-instance" xsi:noNamespaceSchemaLocation="https://maven.apache.org/surefire/maven-surefire-plugin/xsd/surefire-test-report-3.0.xsd" version="3.0" name="au.edu.rmit.PersonTest" time="0.039" tests="15" errors="0" skipped="0" failures="0">
  <properties>
[...]
</properties>
  <testcase name="testAddPerson_InvalidBirthdateFormat_ShouldReturnFalse" classname="au.edu.rmit.PersonTest" time="0.011">
    <system-out><![CDATA[Error: Birthdate must follow format DD-MM-YYYY.
]]></system-out>
  </testcase>
  <testcase name="testAddDemeritPoints_ValidPoints_ShouldReturnSuccess" classname="au.edu.rmit.PersonTest" time="0.009"/>
  <testcase name="testUpdatePersonalDetails_ValidUpdate_ShouldReturnTrue" classname="au.edu.rmit.PersonTest" time="0.004">
    <system-out><![CDATA[Update successful.
]]></system-out>
  </testcase>
  <testcase name="testAddDemeritPoints_PointsBelowRange_ShouldReturnFailed" classname="au.edu.rmit.PersonTest" time="0">
    <system-out><![CDATA[Error: Points must be between 1 and 6.
]]></system-out>
  </testcase>
  <testcase name="testAddPerson_InsufficientSpecialChars_ShouldReturnFalse" classname="au.edu.rmit.PersonTest" time="0">
    <system-out><![CDATA[Error: ID must contain at least 2 special characters between characters 3 and 8.
]]></system-out>
  </testcase>
  <testcase name="testUpdatePersonalDetails_Under18AddressChange_ShouldReturnFalse" classname="au.edu.rmit.PersonTest" time="0.001">
    <system-out><![CDATA[Error: Person is under 18; address cannot be changed.
]]></system-out>
  </testcase>
  <testcase name="testAddDemeritPoints_ExceedPointsUnder21_ShouldSetSuspended" classname="au.edu.rmit.PersonTest" time="0">
    <system-out><![CDATA[Notice: License suspended due to excessive demerit points.
]]></system-out>
  </testcase>
  <testcase name="testUpdatePersonalDetails_BirthdateChangeWithOtherChanges_ShouldReturnFalse" classname="au.edu.rmit.PersonTest" time="0">
    <system-out><![CDATA[Error: If changing birthday, no other fields (ID, name, address) can be modified.
]]></system-out>
  </testcase>
  <testcase name="testUpdatePersonalDetails_InvalidNewDetails_ShouldReturnFalse" classname="au.edu.rmit.PersonTest" time="0.001">
    <system-out><![CDATA[Error: Invalid ID format. Must start with digits 2–9, contain 2+ special characters (between chars 3–8), and end with 2 uppercase letters.
Error: Updated details failed validation.
]]></system-out>
  </testcase>
  <testcase name="testAddPerson_ValidPerson_ShouldReturnTrue" classname="au.edu.rmit.PersonTest" time="0.001"/>
  <testcase name="testAddDemeritPoints_ExceedPointsOver21_ShouldSetSuspended" classname="au.edu.rmit.PersonTest" time="0">
    <system-out><![CDATA[Error: Points must be between 1 and 6.
]]></system-out>
  </testcase>
  <testcase name="testUpdatePersonalDetails_IDStartsWithEvenDigitChangeID_ShouldReturnFalse" classname="au.edu.rmit.PersonTest" time="0">
    <system-out><![CDATA[Error: ID starts with an even digit and cannot be changed.
]]></system-out>
  </testcase>
  <testcase name="testAddPerson_InvalidPersonID_ShouldReturnFalse" classname="au.edu.rmit.PersonTest" time="0">
    <system-out><![CDATA[Error: Invalid ID format. Must start with digits 2–9, contain 2+ special characters (between chars 3–8), and end with 2 uppercase letters.
]]></system-out>
  </testcase>
  <testcase name="testAddPerson_InvalidAddressFormat_ShouldReturnFalse" classname="au.edu.rmit.PersonTest" time="0">
    <system-out><![CDATA[Error: Address must follow the format Street Number|Street|City|State|Country.
]]></system-out>
  </testcase>
  <testcase name="testAddDemeritPoints_PointsAboveRange_ShouldReturnFailed" classname="au.edu.rmit.PersonTest" time="0">
    <system-out><![CDATA[Error: Points must be between 1 and 6.
]]></system-out>
  </testcase>
</testsuite>