<?xml version="1.0" encoding="UTF-8"?>
<testsuite xmlns:xsi="http://www.w3.org/2001/XMLSchema-instance" xsi:noNamespaceSchemaLocation="https://maven.apache.org/surefire/maven-surefire-plugin/xsd/surefire-test-report-3.0.xsd" version="3.0" name="au.edu.rmit.PersonTest" time="0.012" tests="1" errors="0" skipped="0" failures="0">
  <properties>
[...]
</properties>
  <testcase name="testAddPerson_InvalidAddressFormat_ShouldReturnFalse" classname="au.edu.rmit.PersonTest" time="0.007">
    <system-out><![CDATA[Error: Address must follow the format Street Number|Street|City|State|Country.
]]></system-out>
  </testcase>
</testsuite>